<?xml version="1.0" encoding="UTF-8"?>
<!-- Generated by org.testng.reporters.JUnitXMLReporter -->
<testsuite ignored="0" hostname="LAPTOP-93VLQEKH" failures="0" tests="5" name="Test_0" time="92.264" errors="0" timestamp="2024-01-01T17:59:18 CET">
  <testcase classname="Spothopper.QA.TestCases.OnlineOrdersTest" name="setHours" time="18.036"/>
  <testcase classname="Spothopper.QA.TestCases.OnlineOrdersTest" name="setMenus" time="16.401"/>
  <testcase classname="Spothopper.QA.TestCases.OnlineOrdersTest" name="setOnlineOrders" time="17.909"/>
  <testcase classname="Spothopper.QA.TestCases.OnlineOrdersTest" name="setOnlineOrders" time="19.749"/>
  <testcase classname="Spothopper.QA.TestCases.OnlineOrdersTest" name="deleteMenus" time="14.959"/>
</testsuite> <!-- Test_0 -->
