<?xml version="1.0" encoding="UTF-8"?>
<!-- Generated by org.testng.reporters.JUnitXMLReporter -->
<testsuite ignored="1" hostname="LAPTOP-93VLQEKH" failures="0" tests="2" name="Test_3 " time="53.536" errors="0" timestamp="2023-11-13T16:05:43 CET">
  <testcase classname="Spothopper.QA.TestCases.OnlineOrdersTest" name="setOnlineOrders" time="6.5"/>
  <testcase classname="Spothopper.QA.TestCases.OnlineOrdersTest" name="setOnlineOrders" time="15.605"/>
  <testcase classname="Spothopper.QA.TestCases.OnlineOrdersTest" name="submitOnlineOrder" time="0.0">
    <ignored/>
  </testcase> <!-- submitOnlineOrder -->
</testsuite> <!-- Test_3  -->
