<?xml version="1.0" encoding="UTF-8"?>
<!-- Generated by org.testng.reporters.JUnitXMLReporter -->
<testsuite ignored="1" hostname="LAPTOP-93VLQEKH" failures="1" tests="3" name="Test_2 " time="0.28" errors="0" timestamp="2023-11-13T16:46:38 CET">
  <testcase classname="Spothopper.QA.TestComponents.BaseTest" name="@BeforeMethod launchApplication" time="-1.699890398573E9">
    <failure type="org.testng.TestNGException" message="
Can inject only one of &amp;lt;ITestContext, XmlTest, Method, Object[], ITestResult&amp;gt; into a @BeforeMethod annotated launchApplication.
For more information on native dependency injection please refer to https://testng.org/doc/documentation-main.html#native-dependency-injection">
      <![CDATA[org.testng.TestNGException: 
Can inject only one of <ITestContext, XmlTest, Method, Object[], ITestResult> into a @BeforeMethod annotated launchApplication.
For more information on native dependency injection please refer to https://testng.org/doc/documentation-main.html#native-dependency-injection
at java.base/java.util.ArrayList.forEach(ArrayList.java:1511)
at java.base/java.util.concurrent.FutureTask.run(FutureTask.java:264)
at java.base/java.util.concurrent.ThreadPoolExecutor.runWorker(ThreadPoolExecutor.java:1136)
at java.base/java.util.concurrent.ThreadPoolExecutor$Worker.run(ThreadPoolExecutor.java:635)
at java.base/java.lang.Thread.run(Thread.java:833)
... Removed 18 stack frames]]>
    </failure>
  </testcase> <!-- @BeforeMethod launchApplication -->
  <testcase classname="Spothopper.QA.TestComponents.BaseTest" name="@AfterMethod closeWindow" time="0.0">
    <skipped/>
  </testcase> <!-- @AfterMethod closeWindow -->
  <testcase classname="Spothopper.QA.TestComponents.BaseTest" name="@BeforeMethod launchApplication" time="0.0">
    <skipped/>
  </testcase> <!-- @BeforeMethod launchApplication -->
  <testcase classname="Spothopper.QA.TestComponents.BaseTest" name="@AfterMethod closeWindow" time="0.0">
    <skipped/>
  </testcase> <!-- @AfterMethod closeWindow -->
  <testcase classname="Spothopper.QA.TestCases.OnlineOrdersTest" name="setDataProviderCounter" time="0.0">
    <failure type="org.testng.TestNGException" message="
Cannot inject @Test annotated Method [setDataProviderCounter] with [class java.lang.String].
For more information on native dependency injection please refer to https://testng.org/doc/documentation-main.html#native-dependency-injection">
      <![CDATA[org.testng.TestNGException: 
Cannot inject @Test annotated Method [setDataProviderCounter] with [class java.lang.String].
For more information on native dependency injection please refer to https://testng.org/doc/documentation-main.html#native-dependency-injection
at java.base/java.util.ArrayList.forEach(ArrayList.java:1511)
at java.base/java.util.concurrent.FutureTask.run(FutureTask.java:264)
at java.base/java.util.concurrent.ThreadPoolExecutor.runWorker(ThreadPoolExecutor.java:1136)
at java.base/java.util.concurrent.ThreadPoolExecutor$Worker.run(ThreadPoolExecutor.java:635)
at java.base/java.lang.Thread.run(Thread.java:833)
... Removed 16 stack frames]]>
    </failure>
  </testcase> <!-- setDataProviderCounter -->
  <testcase classname="Spothopper.QA.TestCases.OnlineOrdersTest" name="setOnlineOrders" time="0.0">
    <skipped/>
  </testcase> <!-- setOnlineOrders -->
  <testcase classname="Spothopper.QA.TestCases.OnlineOrdersTest" name="setOnlineOrders" time="0.0">
    <skipped/>
  </testcase> <!-- setOnlineOrders -->
  <testcase classname="Spothopper.QA.TestCases.OnlineOrdersTest" name="submitOnlineOrder" time="0.0">
    <ignored/>
  </testcase> <!-- submitOnlineOrder -->
</testsuite> <!-- Test_2  -->
