<?xml version="1.0" encoding="UTF-8"?>
<!-- Generated by org.testng.reporters.JUnitXMLReporter -->
<testsuite ignored="1" hostname="LAPTOP-93VLQEKH" failures="0" tests="3" name="Test_2" time="163.584" errors="0" timestamp="2023-11-22T13:16:30 GMT+01:00">
  <testcase classname="Spothopper.QA.TestCases.OnlineOrdersTest" name="setCounter" time="0.533"/>
  <testcase classname="Spothopper.QA.TestCases.OnlineOrdersTest" name="setOnlineOrders" time="115.648"/>
  <testcase classname="Spothopper.QA.TestCases.OnlineOrdersTest" name="setOnlineOrders" time="39.62"/>
  <testcase classname="Spothopper.QA.TestCases.OnlineOrdersTest" name="submitOnlineOrder" time="0.0">
    <ignored/>
  </testcase> <!-- submitOnlineOrder -->
</testsuite> <!-- Test_2 -->
