<?xml version="1.0" encoding="UTF-8"?>
<!-- Generated by org.testng.reporters.JUnitXMLReporter -->
<testsuite ignored="1" hostname="LAPTOP-93VLQEKH" failures="0" tests="3" name="Test_1" time="217.384" errors="0" timestamp="2023-11-22T13:17:24 GMT+01:00">
  <testcase classname="Spothopper.QA.TestCases.OnlineOrdersTest" name="setCounter" time="0.503"/>
  <testcase classname="Spothopper.QA.TestCases.OnlineOrdersTest" name="setOnlineOrders" time="86.41"/>
  <testcase classname="Spothopper.QA.TestCases.OnlineOrdersTest" name="setOnlineOrders" time="123.74"/>
  <testcase classname="Spothopper.QA.TestCases.OnlineOrdersTest" name="submitOnlineOrder" time="0.0">
    <ignored/>
  </testcase> <!-- submitOnlineOrder -->
</testsuite> <!-- Test_1 -->
