<?xml version="1.0" encoding="UTF-8"?>
<!-- Generated by org.testng.reporters.JUnitXMLReporter -->
<testsuite ignored="1" hostname="LAPTOP-93VLQEKH" failures="0" tests="2" name="Test_5" time="56.553" errors="0" timestamp="2023-11-13T16:05:46 CET">
  <testcase classname="Spothopper.QA.TestCases.OnlineOrdersTest" name="setOnlineOrders" time="5.39"/>
  <testcase classname="Spothopper.QA.TestCases.OnlineOrdersTest" name="setOnlineOrders" time="5.361"/>
  <testcase classname="Spothopper.QA.TestCases.OnlineOrdersTest" name="submitOnlineOrder" time="0.0">
    <ignored/>
  </testcase> <!-- submitOnlineOrder -->
</testsuite> <!-- Test_5 -->
