<?xml version="1.0" encoding="UTF-8"?>
<testng-results ignored="0" total="15" passed="15" failed="0" skipped="0">
  <reporter-output>
  </reporter-output>
  <suite started-at="2023-11-22T13:13:46 GMT+01:00" name="Suite" finished-at="2023-11-22T13:17:44 GMT+01:00" duration-ms="237456">
    <groups>
    </groups>
    <test started-at="2023-11-22T13:13:46 GMT+01:00" name="Test_3" finished-at="2023-11-22T13:16:03 GMT+01:00" duration-ms="136315">
      <class name="Spothopper.QA.TestCases.OnlineOrdersTest">
        <test-method is-config="true" signature="launchApplication()[pri:0, instance:Spothopper.QA.TestCases.OnlineOrdersTest@2767e23c]" started-at="2023-11-22T13:13:46 GMT+01:00" name="launchApplication" finished-at="2023-11-22T13:13:50 GMT+01:00" duration-ms="3340" status="PASS">
          <reporter-output>
          </reporter-output>
        </test-method> <!-- launchApplication -->
        <test-method signature="setCounter(java.lang.String)[pri:0, instance:Spothopper.QA.TestCases.OnlineOrdersTest@2767e23c]" started-at="2023-11-22T13:13:50 GMT+01:00" name="setCounter" finished-at="2023-11-22T13:13:50 GMT+01:00" duration-ms="351" status="PASS">
          <params>
            <param index="0">
              <value>
                <![CDATA[3]]>
              </value>
            </param>
          </params>
          <reporter-output>
          </reporter-output>
        </test-method> <!-- setCounter -->
        <test-method is-config="true" signature="closeWindow()[pri:0, instance:Spothopper.QA.TestCases.OnlineOrdersTest@2767e23c]" started-at="2023-11-22T13:13:50 GMT+01:00" name="closeWindow" finished-at="2023-11-22T13:13:50 GMT+01:00" duration-ms="1" status="PASS">
          <reporter-output>
          </reporter-output>
        </test-method> <!-- closeWindow -->
        <test-method is-config="true" signature="launchApplication()[pri:0, instance:Spothopper.QA.TestCases.OnlineOrdersTest@2767e23c]" started-at="2023-11-22T13:13:50 GMT+01:00" name="launchApplication" finished-at="2023-11-22T13:13:53 GMT+01:00" duration-ms="2643" status="PASS">
          <reporter-output>
          </reporter-output>
        </test-method> <!-- launchApplication -->
        <test-method signature="setOnlineOrders(java.util.HashMap)[pri:0, instance:Spothopper.QA.TestCases.OnlineOrdersTest@2767e23c]" started-at="2023-11-22T13:13:53 GMT+01:00" name="setOnlineOrders" data-provider="getData" finished-at="2023-11-22T13:15:08 GMT+01:00" duration-ms="74829" status="PASS">
          <params>
            <param index="0">
              <value>
                <![CDATA[{delivery_fee=10, stricter_authorization=FALSE, pickup_delivery=delivery, turnaround_pickup_hours=0, turnaround_delivery_hours=0, credit_collect=credit, turnaround_pickup_minutes=0, processing_cost=FALSE, tax_rate=10, turnaround_delivery_minutes=45}]]>
              </value>
            </param>
          </params>
          <reporter-output>
          </reporter-output>
        </test-method> <!-- setOnlineOrders -->
        <test-method is-config="true" signature="launchApplication()[pri:0, instance:Spothopper.QA.TestCases.OnlineOrdersTest@2767e23c]" started-at="2023-11-22T13:15:08 GMT+01:00" name="launchApplication" finished-at="2023-11-22T13:15:09 GMT+01:00" duration-ms="878" status="PASS">
          <reporter-output>
          </reporter-output>
        </test-method> <!-- launchApplication -->
        <test-method is-config="true" signature="closeWindow()[pri:0, instance:Spothopper.QA.TestCases.OnlineOrdersTest@2767e23c]" started-at="2023-11-22T13:15:08 GMT+01:00" name="closeWindow" finished-at="2023-11-22T13:15:08 GMT+01:00" duration-ms="0" status="PASS">
          <reporter-output>
          </reporter-output>
        </test-method> <!-- closeWindow -->
        <test-method signature="setOnlineOrders(java.util.HashMap)[pri:0, instance:Spothopper.QA.TestCases.OnlineOrdersTest@2767e23c]" started-at="2023-11-22T13:15:09 GMT+01:00" name="setOnlineOrders" data-provider="getData" finished-at="2023-11-22T13:16:03 GMT+01:00" duration-ms="53864" status="PASS">
          <params>
            <param index="0">
              <value>
                <![CDATA[{delivery_fee=0, stricter_authorization=FALSE, pickup_delivery=pickup, turnaround_pickup_hours=0, turnaround_delivery_hours=0, credit_collect=credit, turnaround_pickup_minutes=30, processing_cost=FALSE, tax_rate=10, turnaround_delivery_minutes=0}]]>
              </value>
            </param>
          </params>
          <reporter-output>
          </reporter-output>
        </test-method> <!-- setOnlineOrders -->
        <test-method is-config="true" signature="closeWindow()[pri:0, instance:Spothopper.QA.TestCases.OnlineOrdersTest@2767e23c]" started-at="2023-11-22T13:16:03 GMT+01:00" name="closeWindow" finished-at="2023-11-22T13:16:03 GMT+01:00" duration-ms="0" status="PASS">
          <reporter-output>
          </reporter-output>
        </test-method> <!-- closeWindow -->
      </class> <!-- Spothopper.QA.TestCases.OnlineOrdersTest -->
    </test> <!-- Test_3 -->
    <test started-at="2023-11-22T13:13:46 GMT+01:00" name="Test_2" finished-at="2023-11-22T13:16:30 GMT+01:00" duration-ms="163584">
      <class name="Spothopper.QA.TestCases.OnlineOrdersTest">
        <test-method is-config="true" signature="launchApplication()[pri:0, instance:Spothopper.QA.TestCases.OnlineOrdersTest@4681c175]" started-at="2023-11-22T13:13:46 GMT+01:00" name="launchApplication" finished-at="2023-11-22T13:13:50 GMT+01:00" duration-ms="3343" status="PASS">
          <reporter-output>
          </reporter-output>
        </test-method> <!-- launchApplication -->
        <test-method signature="setCounter(java.lang.String)[pri:0, instance:Spothopper.QA.TestCases.OnlineOrdersTest@4681c175]" started-at="2023-11-22T13:13:50 GMT+01:00" name="setCounter" finished-at="2023-11-22T13:13:50 GMT+01:00" duration-ms="533" status="PASS">
          <params>
            <param index="0">
              <value>
                <![CDATA[2]]>
              </value>
            </param>
          </params>
          <reporter-output>
          </reporter-output>
        </test-method> <!-- setCounter -->
        <test-method is-config="true" signature="closeWindow()[pri:0, instance:Spothopper.QA.TestCases.OnlineOrdersTest@4681c175]" started-at="2023-11-22T13:13:50 GMT+01:00" name="closeWindow" finished-at="2023-11-22T13:13:50 GMT+01:00" duration-ms="0" status="PASS">
          <reporter-output>
          </reporter-output>
        </test-method> <!-- closeWindow -->
        <test-method is-config="true" signature="launchApplication()[pri:0, instance:Spothopper.QA.TestCases.OnlineOrdersTest@4681c175]" started-at="2023-11-22T13:13:50 GMT+01:00" name="launchApplication" finished-at="2023-11-22T13:13:53 GMT+01:00" duration-ms="2059" status="PASS">
          <reporter-output>
          </reporter-output>
        </test-method> <!-- launchApplication -->
        <test-method signature="setOnlineOrders(java.util.HashMap)[pri:0, instance:Spothopper.QA.TestCases.OnlineOrdersTest@4681c175]" started-at="2023-11-22T13:13:53 GMT+01:00" name="setOnlineOrders" data-provider="getData" finished-at="2023-11-22T13:15:48 GMT+01:00" duration-ms="115648" status="PASS">
          <params>
            <param index="0">
              <value>
                <![CDATA[{delivery_fee=10, stricter_authorization=TRUE, pickup_delivery=delivery, turnaround_pickup_hours=0, turnaround_delivery_hours=2, credit_collect=credit, turnaround_pickup_minutes=0, processing_cost=TRUE, tax_rate=15, turnaround_delivery_minutes=30}]]>
              </value>
            </param>
          </params>
          <reporter-output>
          </reporter-output>
        </test-method> <!-- setOnlineOrders -->
        <test-method is-config="true" signature="launchApplication()[pri:0, instance:Spothopper.QA.TestCases.OnlineOrdersTest@4681c175]" started-at="2023-11-22T13:15:48 GMT+01:00" name="launchApplication" finished-at="2023-11-22T13:15:50 GMT+01:00" duration-ms="2173" status="PASS">
          <reporter-output>
          </reporter-output>
        </test-method> <!-- launchApplication -->
        <test-method is-config="true" signature="closeWindow()[pri:0, instance:Spothopper.QA.TestCases.OnlineOrdersTest@4681c175]" started-at="2023-11-22T13:15:48 GMT+01:00" name="closeWindow" finished-at="2023-11-22T13:15:48 GMT+01:00" duration-ms="0" status="PASS">
          <reporter-output>
          </reporter-output>
        </test-method> <!-- closeWindow -->
        <test-method signature="setOnlineOrders(java.util.HashMap)[pri:0, instance:Spothopper.QA.TestCases.OnlineOrdersTest@4681c175]" started-at="2023-11-22T13:15:50 GMT+01:00" name="setOnlineOrders" data-provider="getData" finished-at="2023-11-22T13:16:30 GMT+01:00" duration-ms="39620" status="PASS">
          <params>
            <param index="0">
              <value>
                <![CDATA[{delivery_fee=0, stricter_authorization=FALSE, pickup_delivery=pickup, turnaround_pickup_hours=1, turnaround_delivery_hours=0, credit_collect=credit, turnaround_pickup_minutes=0, processing_cost=FALSE, tax_rate=5, turnaround_delivery_minutes=0}]]>
              </value>
            </param>
          </params>
          <reporter-output>
          </reporter-output>
        </test-method> <!-- setOnlineOrders -->
        <test-method is-config="true" signature="closeWindow()[pri:0, instance:Spothopper.QA.TestCases.OnlineOrdersTest@4681c175]" started-at="2023-11-22T13:16:30 GMT+01:00" name="closeWindow" finished-at="2023-11-22T13:16:30 GMT+01:00" duration-ms="1" status="PASS">
          <reporter-output>
          </reporter-output>
        </test-method> <!-- closeWindow -->
      </class> <!-- Spothopper.QA.TestCases.OnlineOrdersTest -->
    </test> <!-- Test_2 -->
    <test started-at="2023-11-22T13:13:46 GMT+01:00" name="Test_4" finished-at="2023-11-22T13:16:39 GMT+01:00" duration-ms="172888">
      <class name="Spothopper.QA.TestCases.OnlineOrdersTest">
        <test-method is-config="true" signature="launchApplication()[pri:0, instance:Spothopper.QA.TestCases.OnlineOrdersTest@cecf639]" started-at="2023-11-22T13:13:46 GMT+01:00" name="launchApplication" finished-at="2023-11-22T13:13:50 GMT+01:00" duration-ms="3429" status="PASS">
          <reporter-output>
          </reporter-output>
        </test-method> <!-- launchApplication -->
        <test-method signature="setCounter(java.lang.String)[pri:0, instance:Spothopper.QA.TestCases.OnlineOrdersTest@cecf639]" started-at="2023-11-22T13:13:50 GMT+01:00" name="setCounter" finished-at="2023-11-22T13:13:50 GMT+01:00" duration-ms="527" status="PASS">
          <params>
            <param index="0">
              <value>
                <![CDATA[4]]>
              </value>
            </param>
          </params>
          <reporter-output>
          </reporter-output>
        </test-method> <!-- setCounter -->
        <test-method is-config="true" signature="closeWindow()[pri:0, instance:Spothopper.QA.TestCases.OnlineOrdersTest@cecf639]" started-at="2023-11-22T13:13:50 GMT+01:00" name="closeWindow" finished-at="2023-11-22T13:13:50 GMT+01:00" duration-ms="0" status="PASS">
          <reporter-output>
          </reporter-output>
        </test-method> <!-- closeWindow -->
        <test-method is-config="true" signature="launchApplication()[pri:0, instance:Spothopper.QA.TestCases.OnlineOrdersTest@cecf639]" started-at="2023-11-22T13:13:50 GMT+01:00" name="launchApplication" finished-at="2023-11-22T13:13:53 GMT+01:00" duration-ms="2458" status="PASS">
          <reporter-output>
          </reporter-output>
        </test-method> <!-- launchApplication -->
        <test-method signature="setOnlineOrders(java.util.HashMap)[pri:0, instance:Spothopper.QA.TestCases.OnlineOrdersTest@cecf639]" started-at="2023-11-22T13:13:53 GMT+01:00" name="setOnlineOrders" data-provider="getData" finished-at="2023-11-22T13:15:23 GMT+01:00" duration-ms="89814" status="PASS">
          <params>
            <param index="0">
              <value>
                <![CDATA[{delivery_fee=0, stricter_authorization=FALSE, pickup_delivery=pickup, turnaround_pickup_hours=0, turnaround_delivery_hours=0, credit_collect=collect, turnaround_pickup_minutes=30, processing_cost=TRUE, tax_rate=10, turnaround_delivery_minutes=0}]]>
              </value>
            </param>
          </params>
          <reporter-output>
          </reporter-output>
        </test-method> <!-- setOnlineOrders -->
        <test-method is-config="true" signature="closeWindow()[pri:0, instance:Spothopper.QA.TestCases.OnlineOrdersTest@cecf639]" started-at="2023-11-22T13:15:23 GMT+01:00" name="closeWindow" finished-at="2023-11-22T13:15:23 GMT+01:00" duration-ms="1" status="PASS">
          <reporter-output>
          </reporter-output>
        </test-method> <!-- closeWindow -->
        <test-method is-config="true" signature="launchApplication()[pri:0, instance:Spothopper.QA.TestCases.OnlineOrdersTest@cecf639]" started-at="2023-11-22T13:15:23 GMT+01:00" name="launchApplication" finished-at="2023-11-22T13:15:24 GMT+01:00" duration-ms="922" status="PASS">
          <reporter-output>
          </reporter-output>
        </test-method> <!-- launchApplication -->
        <test-method signature="setOnlineOrders(java.util.HashMap)[pri:0, instance:Spothopper.QA.TestCases.OnlineOrdersTest@cecf639]" started-at="2023-11-22T13:15:24 GMT+01:00" name="setOnlineOrders" data-provider="getData" finished-at="2023-11-22T13:16:39 GMT+01:00" duration-ms="75611" status="PASS">
          <params>
            <param index="0">
              <value>
                <![CDATA[{delivery_fee=10, stricter_authorization=FALSE, pickup_delivery=delivery, turnaround_pickup_hours=0, turnaround_delivery_hours=0, credit_collect=collect, turnaround_pickup_minutes=0, processing_cost=FALSE, tax_rate=5, turnaround_delivery_minutes=15}]]>
              </value>
            </param>
          </params>
          <reporter-output>
          </reporter-output>
        </test-method> <!-- setOnlineOrders -->
        <test-method is-config="true" signature="closeWindow()[pri:0, instance:Spothopper.QA.TestCases.OnlineOrdersTest@cecf639]" started-at="2023-11-22T13:16:39 GMT+01:00" name="closeWindow" finished-at="2023-11-22T13:16:39 GMT+01:00" duration-ms="0" status="PASS">
          <reporter-output>
          </reporter-output>
        </test-method> <!-- closeWindow -->
      </class> <!-- Spothopper.QA.TestCases.OnlineOrdersTest -->
    </test> <!-- Test_4 -->
    <test started-at="2023-11-22T13:13:46 GMT+01:00" name="Test_1" finished-at="2023-11-22T13:17:24 GMT+01:00" duration-ms="217384">
      <class name="Spothopper.QA.TestCases.OnlineOrdersTest">
        <test-method is-config="true" signature="launchApplication()[pri:0, instance:Spothopper.QA.TestCases.OnlineOrdersTest@48bb62]" started-at="2023-11-22T13:13:46 GMT+01:00" name="launchApplication" finished-at="2023-11-22T13:13:50 GMT+01:00" duration-ms="3334" status="PASS">
          <reporter-output>
          </reporter-output>
        </test-method> <!-- launchApplication -->
        <test-method signature="setCounter(java.lang.String)[pri:0, instance:Spothopper.QA.TestCases.OnlineOrdersTest@48bb62]" started-at="2023-11-22T13:13:50 GMT+01:00" name="setCounter" finished-at="2023-11-22T13:13:50 GMT+01:00" duration-ms="503" status="PASS">
          <params>
            <param index="0">
              <value>
                <![CDATA[1]]>
              </value>
            </param>
          </params>
          <reporter-output>
          </reporter-output>
        </test-method> <!-- setCounter -->
        <test-method is-config="true" signature="closeWindow()[pri:0, instance:Spothopper.QA.TestCases.OnlineOrdersTest@48bb62]" started-at="2023-11-22T13:13:50 GMT+01:00" name="closeWindow" finished-at="2023-11-22T13:13:50 GMT+01:00" duration-ms="1" status="PASS">
          <reporter-output>
          </reporter-output>
        </test-method> <!-- closeWindow -->
        <test-method is-config="true" signature="launchApplication()[pri:0, instance:Spothopper.QA.TestCases.OnlineOrdersTest@48bb62]" started-at="2023-11-22T13:13:50 GMT+01:00" name="launchApplication" finished-at="2023-11-22T13:13:53 GMT+01:00" duration-ms="2248" status="PASS">
          <reporter-output>
          </reporter-output>
        </test-method> <!-- launchApplication -->
        <test-method signature="setOnlineOrders(java.util.HashMap)[pri:0, instance:Spothopper.QA.TestCases.OnlineOrdersTest@48bb62]" started-at="2023-11-22T13:13:53 GMT+01:00" name="setOnlineOrders" data-provider="getData" finished-at="2023-11-22T13:15:19 GMT+01:00" duration-ms="86410" status="PASS">
          <params>
            <param index="0">
              <value>
                <![CDATA[{delivery_fee=0, stricter_authorization=FALSE, pickup_delivery=pickup, turnaround_pickup_hours=0, turnaround_delivery_hours=0, credit_collect=collect, turnaround_pickup_minutes=45, processing_cost=FALSE, tax_rate=10, turnaround_delivery_minutes=0}]]>
              </value>
            </param>
          </params>
          <reporter-output>
          </reporter-output>
        </test-method> <!-- setOnlineOrders -->
        <test-method is-config="true" signature="closeWindow()[pri:0, instance:Spothopper.QA.TestCases.OnlineOrdersTest@48bb62]" started-at="2023-11-22T13:15:19 GMT+01:00" name="closeWindow" finished-at="2023-11-22T13:15:19 GMT+01:00" duration-ms="1" status="PASS">
          <reporter-output>
          </reporter-output>
        </test-method> <!-- closeWindow -->
        <test-method is-config="true" signature="launchApplication()[pri:0, instance:Spothopper.QA.TestCases.OnlineOrdersTest@48bb62]" started-at="2023-11-22T13:15:19 GMT+01:00" name="launchApplication" finished-at="2023-11-22T13:15:20 GMT+01:00" duration-ms="898" status="PASS">
          <reporter-output>
          </reporter-output>
        </test-method> <!-- launchApplication -->
        <test-method signature="setOnlineOrders(java.util.HashMap)[pri:0, instance:Spothopper.QA.TestCases.OnlineOrdersTest@48bb62]" started-at="2023-11-22T13:15:20 GMT+01:00" name="setOnlineOrders" data-provider="getData" finished-at="2023-11-22T13:17:24 GMT+01:00" duration-ms="123740" status="PASS">
          <params>
            <param index="0">
              <value>
                <![CDATA[{delivery_fee=5, stricter_authorization=FALSE, pickup_delivery=delivery, turnaround_pickup_hours=0, turnaround_delivery_hours=0, credit_collect=credit, turnaround_pickup_minutes=0, processing_cost=TRUE, tax_rate=5, turnaround_delivery_minutes=15}]]>
              </value>
            </param>
          </params>
          <reporter-output>
          </reporter-output>
        </test-method> <!-- setOnlineOrders -->
        <test-method is-config="true" signature="closeWindow()[pri:0, instance:Spothopper.QA.TestCases.OnlineOrdersTest@48bb62]" started-at="2023-11-22T13:17:24 GMT+01:00" name="closeWindow" finished-at="2023-11-22T13:17:24 GMT+01:00" duration-ms="0" status="PASS">
          <reporter-output>
          </reporter-output>
        </test-method> <!-- closeWindow -->
      </class> <!-- Spothopper.QA.TestCases.OnlineOrdersTest -->
    </test> <!-- Test_1 -->
    <test started-at="2023-11-22T13:13:46 GMT+01:00" name="Test_0" finished-at="2023-11-22T13:17:44 GMT+01:00" duration-ms="237456">
      <class name="Spothopper.QA.TestCases.OnlineOrdersTest">
        <test-method is-config="true" signature="launchApplication()[pri:0, instance:Spothopper.QA.TestCases.OnlineOrdersTest@45099dd3]" started-at="2023-11-22T13:13:46 GMT+01:00" name="launchApplication" finished-at="2023-11-22T13:13:50 GMT+01:00" duration-ms="3502" status="PASS">
          <reporter-output>
          </reporter-output>
        </test-method> <!-- launchApplication -->
        <test-method signature="setCounter(java.lang.String)[pri:0, instance:Spothopper.QA.TestCases.OnlineOrdersTest@45099dd3]" started-at="2023-11-22T13:13:50 GMT+01:00" name="setCounter" finished-at="2023-11-22T13:13:50 GMT+01:00" duration-ms="197" status="PASS">
          <params>
            <param index="0">
              <value>
                <![CDATA[0]]>
              </value>
            </param>
          </params>
          <reporter-output>
          </reporter-output>
        </test-method> <!-- setCounter -->
        <test-method is-config="true" signature="closeWindow()[pri:0, instance:Spothopper.QA.TestCases.OnlineOrdersTest@45099dd3]" started-at="2023-11-22T13:13:50 GMT+01:00" name="closeWindow" finished-at="2023-11-22T13:13:50 GMT+01:00" duration-ms="3" status="PASS">
          <reporter-output>
          </reporter-output>
        </test-method> <!-- closeWindow -->
        <test-method is-config="true" signature="launchApplication()[pri:0, instance:Spothopper.QA.TestCases.OnlineOrdersTest@45099dd3]" started-at="2023-11-22T13:13:50 GMT+01:00" name="launchApplication" finished-at="2023-11-22T13:13:53 GMT+01:00" duration-ms="2960" status="PASS">
          <reporter-output>
          </reporter-output>
        </test-method> <!-- launchApplication -->
        <test-method signature="setOnlineOrders(java.util.HashMap)[pri:0, instance:Spothopper.QA.TestCases.OnlineOrdersTest@45099dd3]" started-at="2023-11-22T13:13:53 GMT+01:00" name="setOnlineOrders" data-provider="getData" finished-at="2023-11-22T13:16:41 GMT+01:00" duration-ms="168037" status="PASS">
          <params>
            <param index="0">
              <value>
                <![CDATA[{delivery_fee=0, stricter_authorization=TRUE, pickup_delivery=pickup, turnaround_pickup_hours=1, turnaround_delivery_hours=0, credit_collect=credit, turnaround_pickup_minutes=30, processing_cost=TRUE, tax_rate=5, turnaround_delivery_minutes=0}]]>
              </value>
            </param>
          </params>
          <reporter-output>
          </reporter-output>
        </test-method> <!-- setOnlineOrders -->
        <test-method is-config="true" signature="closeWindow()[pri:0, instance:Spothopper.QA.TestCases.OnlineOrdersTest@45099dd3]" started-at="2023-11-22T13:16:41 GMT+01:00" name="closeWindow" finished-at="2023-11-22T13:16:41 GMT+01:00" duration-ms="0" status="PASS">
          <reporter-output>
          </reporter-output>
        </test-method> <!-- closeWindow -->
        <test-method is-config="true" signature="launchApplication()[pri:0, instance:Spothopper.QA.TestCases.OnlineOrdersTest@45099dd3]" started-at="2023-11-22T13:16:41 GMT+01:00" name="launchApplication" finished-at="2023-11-22T13:16:42 GMT+01:00" duration-ms="844" status="PASS">
          <reporter-output>
          </reporter-output>
        </test-method> <!-- launchApplication -->
        <test-method signature="setOnlineOrders(java.util.HashMap)[pri:0, instance:Spothopper.QA.TestCases.OnlineOrdersTest@45099dd3]" started-at="2023-11-22T13:16:42 GMT+01:00" name="setOnlineOrders" data-provider="getData" finished-at="2023-11-22T13:17:44 GMT+01:00" duration-ms="61529" status="PASS">
          <params>
            <param index="0">
              <value>
                <![CDATA[{delivery_fee=5, stricter_authorization=FALSE, pickup_delivery=delivery, turnaround_pickup_hours=0, turnaround_delivery_hours=2, credit_collect=collect, turnaround_pickup_minutes=0, processing_cost=FALSE, tax_rate=10, turnaround_delivery_minutes=15}]]>
              </value>
            </param>
          </params>
          <reporter-output>
          </reporter-output>
        </test-method> <!-- setOnlineOrders -->
        <test-method is-config="true" signature="closeWindow()[pri:0, instance:Spothopper.QA.TestCases.OnlineOrdersTest@45099dd3]" started-at="2023-11-22T13:17:44 GMT+01:00" name="closeWindow" finished-at="2023-11-22T13:17:44 GMT+01:00" duration-ms="1" status="PASS">
          <reporter-output>
          </reporter-output>
        </test-method> <!-- closeWindow -->
      </class> <!-- Spothopper.QA.TestCases.OnlineOrdersTest -->
    </test> <!-- Test_0 -->
  </suite> <!-- Suite -->
</testng-results>
