<?xml version="1.0" encoding="UTF-8"?>
<!-- Generated by org.testng.reporters.JUnitXMLReporter -->
<testsuite ignored="2" hostname="LAPTOP-93VLQEKH" failures="0" tests="2" name="Test_0" time="29.137" errors="0" timestamp="2023-12-20T11:47:09 CET">
  <testcase classname="Spothopper.QA.TestCases.OnlineOrdersTest" name="setMenus" time="15.364"/>
  <testcase classname="Spothopper.QA.TestCases.OnlineOrdersTest" name="deleteMenus" time="11.451"/>
  <testcase classname="Spothopper.QA.TestCases.OnlineOrdersTest" name="setOnlineOrders" time="0.0">
    <ignored/>
  </testcase> <!-- setOnlineOrders -->
  <testcase classname="Spothopper.QA.TestCases.OnlineOrdersTest" name="setHours" time="0.0">
    <ignored/>
  </testcase> <!-- setHours -->
</testsuite> <!-- Test_0 -->
